0 info it worked if it ends with ok
1 verbose cli [ 'C:\\Program Files\\nodejs\\node.exe',
1 verbose cli   'C:\\Program Files\\nodejs\\node_modules\\npm\\bin\\npm-cli.js',
1 verbose cli   'start' ]
2 info using npm@3.6.0
3 info using node@v5.6.0
4 verbose run-script [ 'prestart', 'start', 'poststart' ]
5 info lifecycle angular-seed@0.0.0~prestart: angular-seed@0.0.0
6 verbose lifecycle angular-seed@0.0.0~prestart: unsafe-perm in lifecycle true
7 verbose lifecycle angular-seed@0.0.0~prestart: PATH: C:\Program Files\nodejs\node_modules\npm\bin\node-gyp-bin;C:\Users\mma\Workspace\cardiacare\node_modules\.bin;C:\Users\mma\.babun\cygwin\home\mma\.local\bin;C:\Users\mma\.babun\cygwin\usr\local\bin;C:\Users\mma\.babun\cygwin\home\mma\.local\bin;C:\Users\mma\.babun\cygwin\usr\local\bin;C:\Users\mma\.babun\cygwin\bin;C:\ProgramData\Oracle\Java\javapath;C:\Perl64\site\bin;C:\Perl64\bin;C:\RBTools\bin;C:\windows\system32;C:\windows;C:\windows\System32\Wbem;C:\windows\System32\WindowsPowerShell\v1.0;C:\Program Files (x86)\Skype\Phone;C:\Program Files\TortoiseHg;C:\Program Files\Java\jdk1.8.0_66\bin;C:\Users\Public\activator-dist-1.3.7;C:\Users\Public\apache-ant-1.9.6\bin;C:\Users\Public\apache-maven-3.2.3\bin;C:\Program Files (x86)\Intel\OpenCL SDK\2.0\bin\x86;C:\Program Files (x86)\Intel\OpenCL SDK\2.0\bin\x64;C:\Users\Public\apache-maven-3.2.3\bin;%ANDROID_HOME%\tools;%ANDROID_HOME%\platform-tools;C:\Git\cmd;C:\RBTools\Python27;C:\Program Files\nodejs;C:\Users\mma\.babun;C:\Users\mma\AppData\Roaming\npm
8 verbose lifecycle angular-seed@0.0.0~prestart: CWD: C:\Users\mma\Workspace\cardiacare
9 silly lifecycle angular-seed@0.0.0~prestart: Args: [ '/d /s /c', 'npm install' ]
10 silly lifecycle angular-seed@0.0.0~prestart: Returned: code: 0  signal: null
11 info lifecycle angular-seed@0.0.0~start: angular-seed@0.0.0
12 verbose lifecycle angular-seed@0.0.0~start: unsafe-perm in lifecycle true
13 verbose lifecycle angular-seed@0.0.0~start: PATH: C:\Program Files\nodejs\node_modules\npm\bin\node-gyp-bin;C:\Users\mma\Workspace\cardiacare\node_modules\.bin;C:\Users\mma\.babun\cygwin\home\mma\.local\bin;C:\Users\mma\.babun\cygwin\usr\local\bin;C:\Users\mma\.babun\cygwin\home\mma\.local\bin;C:\Users\mma\.babun\cygwin\usr\local\bin;C:\Users\mma\.babun\cygwin\bin;C:\ProgramData\Oracle\Java\javapath;C:\Perl64\site\bin;C:\Perl64\bin;C:\RBTools\bin;C:\windows\system32;C:\windows;C:\windows\System32\Wbem;C:\windows\System32\WindowsPowerShell\v1.0;C:\Program Files (x86)\Skype\Phone;C:\Program Files\TortoiseHg;C:\Program Files\Java\jdk1.8.0_66\bin;C:\Users\Public\activator-dist-1.3.7;C:\Users\Public\apache-ant-1.9.6\bin;C:\Users\Public\apache-maven-3.2.3\bin;C:\Program Files (x86)\Intel\OpenCL SDK\2.0\bin\x86;C:\Program Files (x86)\Intel\OpenCL SDK\2.0\bin\x64;C:\Users\Public\apache-maven-3.2.3\bin;%ANDROID_HOME%\tools;%ANDROID_HOME%\platform-tools;C:\Git\cmd;C:\RBTools\Python27;C:\Program Files\nodejs;C:\Users\mma\.babun;C:\Users\mma\AppData\Roaming\npm
14 verbose lifecycle angular-seed@0.0.0~start: CWD: C:\Users\mma\Workspace\cardiacare
15 silly lifecycle angular-seed@0.0.0~start: Args: [ '/d /s /c', 'http-server -a localhost -p 8000 -c-1' ]
16 silly lifecycle angular-seed@0.0.0~start: Returned: code: 1  signal: null
17 info lifecycle angular-seed@0.0.0~start: Failed to exec start script
18 verbose stack Error: angular-seed@0.0.0 start: `http-server -a localhost -p 8000 -c-1`
18 verbose stack Exit status 1
18 verbose stack     at EventEmitter.<anonymous> (C:\Program Files\nodejs\node_modules\npm\lib\utils\lifecycle.js:232:16)
18 verbose stack     at emitTwo (events.js:100:13)
18 verbose stack     at EventEmitter.emit (events.js:185:7)
18 verbose stack     at ChildProcess.<anonymous> (C:\Program Files\nodejs\node_modules\npm\lib\utils\spawn.js:24:14)
18 verbose stack     at emitTwo (events.js:100:13)
18 verbose stack     at ChildProcess.emit (events.js:185:7)
18 verbose stack     at maybeClose (internal/child_process.js:827:16)
18 verbose stack     at Process.ChildProcess._handle.onexit (internal/child_process.js:211:5)
19 verbose pkgid angular-seed@0.0.0
20 verbose cwd C:\Users\mma\Workspace\cardiacare
21 error Windows_NT 6.1.7601
22 error argv "C:\\Program Files\\nodejs\\node.exe" "C:\\Program Files\\nodejs\\node_modules\\npm\\bin\\npm-cli.js" "start"
23 error node v5.6.0
24 error npm  v3.6.0
25 error code ELIFECYCLE
26 error angular-seed@0.0.0 start: `http-server -a localhost -p 8000 -c-1`
26 error Exit status 1
27 error Failed at the angular-seed@0.0.0 start script 'http-server -a localhost -p 8000 -c-1'.
27 error Make sure you have the latest version of node.js and npm installed.
27 error If you do, this is most likely a problem with the angular-seed package,
27 error not with npm itself.
27 error Tell the author that this fails on your system:
27 error     http-server -a localhost -p 8000 -c-1
27 error You can get information on how to open an issue for this project with:
27 error     npm bugs angular-seed
27 error Or if that isn't available, you can get their info via:
27 error     npm owner ls angular-seed
27 error There is likely additional logging output above.
28 verbose exit [ 1, true ]
